<?xml version="1.0" encoding="UTF-8"?>
<testng-results skipped="0" failed="0" ignored="0" total="1" passed="1">
  <reporter-output>
  </reporter-output>
  <suite name="sanitory" duration-ms="76164" started-at="2021-05-24T13:13:36 PDT" finished-at="2021-05-24T13:14:52 PDT">
    <groups>
    </groups>
    <test name="Shopping_Site" duration-ms="76164" started-at="2021-05-24T13:13:36 PDT" finished-at="2021-05-24T13:14:52 PDT">
      <class name="test_Cases.TC1_Login">
        <test-method status="PASS" signature="setup(java.lang.String)[pri:0, instance:test_Cases.TC1_Login@e874448]" name="setup" is-config="true" duration-ms="13060" started-at="2021-05-24T13:13:37 PDT" finished-at="2021-05-24T13:13:50 PDT">
          <params>
            <param index="0">
              <value>
                <![CDATA[chrome]]>
              </value>
            </param>
          </params>
          <reporter-output>
          </reporter-output>
        </test-method> <!-- setup -->
        <test-method status="PASS" signature="login()[pri:0, instance:test_Cases.TC1_Login@e874448]" name="login" is-config="true" duration-ms="12806" started-at="2021-05-24T13:13:50 PDT" finished-at="2021-05-24T13:14:03 PDT">
          <reporter-output>
          </reporter-output>
        </test-method> <!-- login -->
        <test-method status="PASS" signature="dashboard()[pri:0, instance:test_Cases.TC1_Login@e874448]" name="dashboard" duration-ms="48933" started-at="2021-05-24T13:14:03 PDT" finished-at="2021-05-24T13:14:52 PDT">
          <reporter-output>
          </reporter-output>
        </test-method> <!-- dashboard -->
      </class> <!-- test_Cases.TC1_Login -->
    </test> <!-- Shopping_Site -->
  </suite> <!-- sanitory -->
</testng-results>
